<?xml version="1.0" encoding="UTF-8"?>
<Site BuildName="(empty)"
	BuildStamp="20241020-0946-Experimental"
	Name="(empty)"
	Generator="ctest-3.28.3"
	CompilerName=""
	CompilerVersion=""
	OSName="Linux"
	Hostname="ubuntu2404server"
	OSRelease="6.8.0-45-generic"
	OSVersion="#45-Ubuntu SMP PREEMPT_DYNAMIC Fri Aug 30 12:02:04 UTC 2024"
	OSPlatform="x86_64"
	Is64Bits="1"
	VendorString="GenuineIntel"
	VendorID="Intel Corporation"
	FamilyID="15"
	ModelID="107"
	ProcessorCacheSize="16384"
	NumberOfLogicalCPU="1"
	NumberOfPhysicalCPU="1"
	TotalVirtualMemory="3915"
	TotalPhysicalMemory="3916"
	LogicalProcessorsPerPhysical="1"
	ProcessorClockFrequency="1996.8"
	>
	<Testing>
		<StartDateTime>Oct 20 09:46 UTC</StartDateTime>
		<StartTestTime>1729417566</StartTestTime>
		<TestList/>
		<EndDateTime>Oct 20 09:46 UTC</EndDateTime>
		<EndTestTime>1729417566</EndTestTime>
		<ElapsedMinutes>0</ElapsedMinutes>
	</Testing>
</Site>
