<?xml version="1.0" encoding="UTF-8"?>
<Site BuildName="(empty)"
	BuildStamp="20241020-0921-Experimental"
	Name="(empty)"
	Generator="ctest-3.28.3"
	CompilerName=""
	CompilerVersion=""
	OSName="Linux"
	Hostname="ubuntu2404server"
	OSRelease="6.8.0-45-generic"
	OSVersion="#45-Ubuntu SMP PREEMPT_DYNAMIC Fri Aug 30 12:02:04 UTC 2024"
	OSPlatform="x86_64"
	Is64Bits="1"
	VendorString="GenuineIntel"
	VendorID="Intel Corporation"
	FamilyID="15"
	ModelID="107"
	ProcessorCacheSize="16384"
	NumberOfLogicalCPU="1"
	NumberOfPhysicalCPU="1"
	TotalVirtualMemory="3915"
	TotalPhysicalMemory="3916"
	LogicalProcessorsPerPhysical="1"
	ProcessorClockFrequency="1996.8"
	>
	<Testing>
		<StartDateTime>Oct 20 10:00 UTC</StartDateTime>
		<StartTestTime>1729418438</StartTestTime>
		<TestList>
			<Test>./AllTestsInMaintest</Test>
		</TestList>
		<Test Status="passed">
			<Name>AllTestsInMaintest</Name>
			<Path>.</Path>
			<FullName>./AllTestsInMaintest</FullName>
			<FullCommandLine>/home/testus/repos/c_learing/projects/tcpip_client/dev/10_bin/tcpip_client_test</FullCommandLine>
			<Results>
				<NamedMeasurement type="numeric/double" name="Execution Time">
					<Value>0.00554392</Value>
				</NamedMeasurement>
				<NamedMeasurement type="numeric/double" name="Processors">
					<Value>1</Value>
				</NamedMeasurement>
				<NamedMeasurement type="text/string" name="Completion Status">
					<Value>Completed</Value>
				</NamedMeasurement>
				<NamedMeasurement type="text/string" name="Command Line">
					<Value>/home/testus/repos/c_learing/projects/tcpip_client/dev/10_bin/tcpip_client_test</Value>
				</NamedMeasurement>
				<NamedMeasurement type="text/string" name="Environment">
					<Value>#CTEST_RESOURCE_GROUP_COUNT=</Value>
				</NamedMeasurement>
				<Measurement>
					<Value encoding="base64" compression="gzip">eJyNkcEOgjAMhu97ih7lAFHvHogaY0zUAJ4IhyHTLBkdGZ2+vhMIERKV/9b269+0TVe9MogsosQ7LIFETTXcjC5h0QRQW0kiYKnfK4Od0jlXbV3gQxqNpUDHCvJtNYIHpsm12ldrJR2duCxLIbocoVE2LgZhUUiSGjuy1enwh4TZHMra+20d25wMv05zH8H9gKlbtg1Amrjy2LRTkuDGL/QTWfr5qa8fAsMxGA5yO53DON5u3gfoGgP2Ar+fnhE=</Value>
				</Measurement>
			</Results>
		</Test>
		<EndDateTime>Oct 20 10:00 UTC</EndDateTime>
		<EndTestTime>1729418438</EndTestTime>
		<ElapsedMinutes>0</ElapsedMinutes>
	</Testing>
</Site>
